14:55:15 **** Rebuild of configuration Debug for project decomposition_bus_manager ****
Info: Internal Builder is used for build
g++ -O0 -g3 -Wall -c -fmessage-length=0 -o main.o "..\\main.cpp" 
g++ -o decomposition_bus_manager.exe main.o 
d:/eclipse/mingw64/bin/../lib/gcc/x86_64-w64-mingw32/11.2.0/../../../../x86_64-w64-mingw32/bin/ld.exe: d:/eclipse/mingw64/bin/../lib/gcc/x86_64-w64-mingw32/11.2.0/../../../../x86_64-w64-mingw32/lib/../lib/libmingw32.a(lib64_libmingw32_a-crt0_c.o):crt0_c.c:(.text+0x46): undefined reference to `WinMain'
collect2.exe: error: ld returned 1 exit status
14:55:45 **** Incremental Build of configuration Debug for project decomposition_bus_manager ****
Info: Internal Builder is used for build
g++ -O0 -g3 -Wall -c -fmessage-length=0 -o main.o "..\\main.cpp" 
..\main.cpp: In member function 'BusesForStopResponse BusManager::GetBusesForStop(const string&) const':
..\main.cpp:70:3: warning: no return statement in function returning non-void [-Wreturn-type]
   70 |   }
      |   ^
..\main.cpp: In member function 'StopsForBusResponse BusManager::GetStopsForBus(const string&) const':
..\main.cpp:74:3: warning: no return statement in function returning non-void [-Wreturn-type]
   74 |   }
      |   ^
..\main.cpp: In member function 'AllBusesResponse BusManager::GetAllBuses() const':
..\main.cpp:78:3: warning: no return statement in function returning non-void [-Wreturn-type]
   78 |   }
      |   ^
g++ -o decomposition_bus_manager.exe main.o 
14:57:35 **** Incremental Build of configuration Debug for project decomposition_bus_manager ****
Info: Internal Builder is used for build
g++ -O0 -g3 -Wall -c -fmessage-length=0 -o main.o "..\\main.cpp" 
..\main.cpp: In member function 'BusesForStopResponse BusManager::GetBusesForStop(const string&) const':
..\main.cpp:53:3: warning: no return statement in function returning non-void [-Wreturn-type]
   53 |   }
      |   ^
..\main.cpp: In member function 'StopsForBusResponse BusManager::GetStopsForBus(const string&) const':
..\main.cpp:57:3: warning: no return statement in function returning non-void [-Wreturn-type]
   57 |   }
      |   ^
..\main.cpp: In member function 'AllBusesResponse BusManager::GetAllBuses() const':
..\main.cpp:61:3: warning: no return statement in function returning non-void [-Wreturn-type]
   61 |   }
      |   ^
..\main.cpp: In function 'int main()':
..\main.cpp:68:3: error: 'Query' was not declared in this scope
   68 |   Query q;
      |   ^~~~~
..\main.cpp:74:12: error: 'q' was not declared in this scope
   74 |     cin >> q;
      |            ^
..\main.cpp:76:10: error: 'QueryType' has not been declared
   76 |     case QueryType::NewBus:
      |          ^~~~~~~~~
..\main.cpp:79:10: error: 'QueryType' has not been declared
   79 |     case QueryType::BusesForStop:
      |          ^~~~~~~~~
..\main.cpp:82:10: error: 'QueryType' has not been declared
   82 |     case QueryType::StopsForBus:
      |          ^~~~~~~~~
..\main.cpp:85:10: error: 'QueryType' has not been declared
   85 |     case QueryType::AllBuses:
      |          ^~~~~~~~~
14:59:11 **** Incremental Build of configuration Debug for project decomposition_bus_manager ****
Info: Internal Builder is used for build
g++ -O0 -g3 -Wall -c -fmessage-length=0 -o main.o "..\\main.cpp" 
..\main.cpp:47:40: error: 'vector' does not name a type
   47 |   void AddBus(const string& bus, const vector<string>& stops) {
      |                                        ^~~~~~
..\main.cpp:47:46: error: expected ',' or '...' before '<' token
   47 |   void AddBus(const string& bus, const vector<string>& stops) {
      |                                              ^
..\main.cpp: In member function 'BusesForStopResponse BusManager::GetBusesForStop(const string&) const':
..\main.cpp:53:3: warning: no return statement in function returning non-void [-Wreturn-type]
   53 |   }
      |   ^
..\main.cpp: In member function 'StopsForBusResponse BusManager::GetStopsForBus(const string&) const':
..\main.cpp:57:3: warning: no return statement in function returning non-void [-Wreturn-type]
   57 |   }
      |   ^
..\main.cpp: In member function 'AllBusesResponse BusManager::GetAllBuses() const':
..\main.cpp:61:3: warning: no return statement in function returning non-void [-Wreturn-type]
   61 |   }
      |   ^
..\main.cpp: In function 'int main()':
..\main.cpp:68:3: error: 'Query' was not declared in this scope
   68 |   Query q;
      |   ^~~~~
..\main.cpp:74:12: error: 'q' was not declared in this scope
   74 |     cin >> q;
      |            ^
..\main.cpp:76:10: error: 'QueryType' has not been declared
   76 |     case QueryType::NewBus:
      |          ^~~~~~~~~
..\main.cpp:79:10: error: 'QueryType' has not been declared
   79 |     case QueryType::BusesForStop:
      |          ^~~~~~~~~
..\main.cpp:82:10: error: 'QueryType' has not been declared
   82 |     case QueryType::StopsForBus:
      |          ^~~~~~~~~
..\main.cpp:85:10: error: 'QueryType' has not been declared
   85 |     case QueryType::AllBuses:
      |          ^~~~~~~~~
15:02:40 **** Incremental Build of configuration Debug for project decomposition_bus_manager ****
Info: Internal Builder is used for build
g++ -O0 -g3 -Wall -c -fmessage-length=0 -o query.o "..\\query.cpp" 
g++ -O0 -g3 -Wall -c -fmessage-length=0 -o main.o "..\\main.cpp" 
..\main.cpp:27:3: error: 'BusesForStopResponse' does not name a type
   27 |   BusesForStopResponse GetBusesForStop(const string& stop) const {
      |   ^~~~~~~~~~~~~~~~~~~~
..\main.cpp:31:3: error: 'StopsForBusResponse' does not name a type
   31 |   StopsForBusResponse GetStopsForBus(const string& bus) const {
      |   ^~~~~~~~~~~~~~~~~~~
..\main.cpp:35:3: error: 'AllBusesResponse' does not name a type
   35 |   AllBusesResponse GetAllBuses() const {
      |   ^~~~~~~~~~~~~~~~
..\main.cpp: In function 'int main()':
..\main.cpp:46:3: error: 'cin' was not declared in this scope
   46 |   cin >> query_count;
      |   ^~~
..\main.cpp:14:1: note: 'std::cin' is defined in header '<iostream>'; did you forget to '#include <iostream>'?
   13 | #include <map>
  +++ |+#include <iostream>
   14 | 
..\main.cpp:56:7: error: 'cout' was not declared in this scope
   56 |       cout << bm.GetBusesForStop(q.stop) << endl;
      |       ^~~~
..\main.cpp:56:7: note: 'std::cout' is defined in header '<iostream>'; did you forget to '#include <iostream>'?
..\main.cpp:56:18: error: 'class BusManager' has no member named 'GetBusesForStop'
   56 |       cout << bm.GetBusesForStop(q.stop) << endl;
      |                  ^~~~~~~~~~~~~~~
..\main.cpp:56:45: error: 'endl' was not declared in this scope
   56 |       cout << bm.GetBusesForStop(q.stop) << endl;
      |                                             ^~~~
..\main.cpp:14:1: note: 'std::endl' is defined in header '<ostream>'; did you forget to '#include <ostream>'?
   13 | #include <map>
  +++ |+#include <ostream>
   14 | 
..\main.cpp:59:18: error: 'class BusManager' has no member named 'GetStopsForBus'
   59 |       cout << bm.GetStopsForBus(q.bus) << endl;
      |                  ^~~~~~~~~~~~~~
..\main.cpp:62:18: error: 'class BusManager' has no member named 'GetAllBuses'
   62 |       cout << bm.GetAllBuses() << endl;
      |                  ^~~~~~~~~~~
15:08:03 **** Incremental Build of configuration Debug for project decomposition_bus_manager ****
Info: Internal Builder is used for build
g++ -O0 -g3 -Wall -c -fmessage-length=0 -o main.o "..\\main.cpp" 
..\main.cpp: In function 'int main()':
..\main.cpp:31:3: error: 'BusManager' was not declared in this scope
   31 |   BusManager bm;
      |   ^~~~~~~~~~
..\main.cpp:36:7: error: 'bm' was not declared in this scope; did you mean 'tm'?
   36 |       bm.AddBus(q.bus, q.stops);
      |       ^~
      |       tm
15:09:03 **** Incremental Build of configuration Debug for project decomposition_bus_manager ****
Info: Internal Builder is used for build
g++ -O0 -g3 -Wall -c -fmessage-length=0 -o bus_manager.o "..\\bus_manager.cpp" 
In file included from ..\bus_manager.cpp:8:
..\bus_manager.h:18:3: error: 'BusesForStopResponse' does not name a type
   18 |   BusesForStopResponse GetBusesForStop(const string& stop) const;
      |   ^~~~~~~~~~~~~~~~~~~~
..\bus_manager.h:19:3: error: 'StopsForBusResponse' does not name a type
   19 |   StopsForBusResponse GetStopsForBus(const string& bus) const;
      |   ^~~~~~~~~~~~~~~~~~~
..\bus_manager.h:20:3: error: 'AllBusesResponse' does not name a type
   20 |   AllBusesResponse GetAllBuses() const;
      |   ^~~~~~~~~~~~~~~~
..\bus_manager.cpp:15:22: error: no declaration matches 'BusesForStopResponse BusManager::GetBusesForStop(const string&) const'
   15 | BusesForStopResponse BusManager::GetBusesForStop(const string& stop) const {
      |                      ^~~~~~~~~~
..\bus_manager.cpp:15:22: note: no functions named 'BusesForStopResponse BusManager::GetBusesForStop(const string&) const'
In file included from ..\bus_manager.cpp:8:
..\bus_manager.h:15:7: note: 'class BusManager' defined here
   15 | class BusManager {
      |       ^~~~~~~~~~
..\bus_manager.cpp:19:21: error: no declaration matches 'StopsForBusResponse BusManager::GetStopsForBus(const string&) const'
   19 | StopsForBusResponse BusManager::GetStopsForBus(const string& bus) const {
      |                     ^~~~~~~~~~
..\bus_manager.cpp:19:21: note: no functions named 'StopsForBusResponse BusManager::GetStopsForBus(const string&) const'
In file included from ..\bus_manager.cpp:8:
..\bus_manager.h:15:7: note: 'class BusManager' defined here
   15 | class BusManager {
      |       ^~~~~~~~~~
..\bus_manager.cpp:23:18: error: no declaration matches 'AllBusesResponse BusManager::GetAllBuses() const'
   23 | AllBusesResponse BusManager::GetAllBuses() const {
      |                  ^~~~~~~~~~
..\bus_manager.cpp:23:18: note: no functions named 'AllBusesResponse BusManager::GetAllBuses() const'
In file included from ..\bus_manager.cpp:8:
..\bus_manager.h:15:7: note: 'class BusManager' defined here
   15 | class BusManager {
      |       ^~~~~~~~~~
15:10:37 **** Incremental Build of configuration Debug for project decomposition_bus_manager ****
Info: Internal Builder is used for build
g++ -O0 -g3 -Wall -c -fmessage-length=0 -o responses.o "..\\responses.cpp" 
g++ -O0 -g3 -Wall -c -fmessage-length=0 -o main.o "..\\main.cpp" 
g++ -O0 -g3 -Wall -c -fmessage-length=0 -o bus_manager.o "..\\bus_manager.cpp" 
In file included from ..\bus_manager.cpp:8:
..\bus_manager.h:18:3: error: 'BusesForStopResponse' does not name a type
   18 |   BusesForStopResponse GetBusesForStop(const string& stop) const;
      |   ^~~~~~~~~~~~~~~~~~~~
..\bus_manager.h:19:3: error: 'StopsForBusResponse' does not name a type
   19 |   StopsForBusResponse GetStopsForBus(const string& bus) const;
      |   ^~~~~~~~~~~~~~~~~~~
..\bus_manager.h:20:3: error: 'AllBusesResponse' does not name a type
   20 |   AllBusesResponse GetAllBuses() const;
      |   ^~~~~~~~~~~~~~~~
..\bus_manager.cpp:15:22: error: no declaration matches 'BusesForStopResponse BusManager::GetBusesForStop(const string&) const'
   15 | BusesForStopResponse BusManager::GetBusesForStop(const string& stop) const {
      |                      ^~~~~~~~~~
..\bus_manager.cpp:15:22: note: no functions named 'BusesForStopResponse BusManager::GetBusesForStop(const string&) const'
In file included from ..\bus_manager.cpp:8:
..\bus_manager.h:15:7: note: 'class BusManager' defined here
   15 | class BusManager {
      |       ^~~~~~~~~~
..\bus_manager.cpp:19:21: error: no declaration matches 'StopsForBusResponse BusManager::GetStopsForBus(const string&) const'
   19 | StopsForBusResponse BusManager::GetStopsForBus(const string& bus) const {
      |                     ^~~~~~~~~~
..\bus_manager.cpp:19:21: note: no functions named 'StopsForBusResponse BusManager::GetStopsForBus(const string&) const'
In file included from ..\bus_manager.cpp:8:
..\bus_manager.h:15:7: note: 'class BusManager' defined here
   15 | class BusManager {
      |       ^~~~~~~~~~
..\bus_manager.cpp:23:18: error: no declaration matches 'AllBusesResponse BusManager::GetAllBuses() const'
   23 | AllBusesResponse BusManager::GetAllBuses() const {
      |                  ^~~~~~~~~~
..\bus_manager.cpp:23:18: note: no functions named 'AllBusesResponse BusManager::GetAllBuses() const'
In file included from ..\bus_manager.cpp:8:
..\bus_manager.h:15:7: note: 'class BusManager' defined here
   15 | class BusManager {
      |       ^~~~~~~~~~
15:11:46 **** Incremental Build of configuration Debug for project decomposition_bus_manager ****
Info: Internal Builder is used for build
g++ -O0 -g3 -Wall -c -fmessage-length=0 -o bus_manager.o "..\\bus_manager.cpp" 
In file included from ..\bus_manager.cpp:8:
..\bus_manager.h:18:3: error: 'BusesForStopResponse' does not name a type
   18 |   BusesForStopResponse GetBusesForStop(const string& stop) const;
      |   ^~~~~~~~~~~~~~~~~~~~
..\bus_manager.h:19:3: error: 'StopsForBusResponse' does not name a type
   19 |   StopsForBusResponse GetStopsForBus(const string& bus) const;
      |   ^~~~~~~~~~~~~~~~~~~
..\bus_manager.h:20:3: error: 'AllBusesResponse' does not name a type
   20 |   AllBusesResponse GetAllBuses() const;
      |   ^~~~~~~~~~~~~~~~
..\bus_manager.cpp:15:22: error: no declaration matches 'BusesForStopResponse BusManager::GetBusesForStop(const string&) const'
   15 | BusesForStopResponse BusManager::GetBusesForStop(const string& stop) const {
      |                      ^~~~~~~~~~
..\bus_manager.cpp:15:22: note: no functions named 'BusesForStopResponse BusManager::GetBusesForStop(const string&) const'
In file included from ..\bus_manager.cpp:8:
..\bus_manager.h:15:7: note: 'class BusManager' defined here
   15 | class BusManager {
      |       ^~~~~~~~~~
..\bus_manager.cpp:19:21: error: no declaration matches 'StopsForBusResponse BusManager::GetStopsForBus(const string&) const'
   19 | StopsForBusResponse BusManager::GetStopsForBus(const string& bus) const {
      |                     ^~~~~~~~~~
..\bus_manager.cpp:19:21: note: no functions named 'StopsForBusResponse BusManager::GetStopsForBus(const string&) const'
In file included from ..\bus_manager.cpp:8:
..\bus_manager.h:15:7: note: 'class BusManager' defined here
   15 | class BusManager {
      |       ^~~~~~~~~~
..\bus_manager.cpp:23:18: error: no declaration matches 'AllBusesResponse BusManager::GetAllBuses() const'
   23 | AllBusesResponse BusManager::GetAllBuses() const {
      |                  ^~~~~~~~~~
..\bus_manager.cpp:23:18: note: no functions named 'AllBusesResponse BusManager::GetAllBuses() const'
In file included from ..\bus_manager.cpp:8:
..\bus_manager.h:15:7: note: 'class BusManager' defined here
   15 | class BusManager {
      |       ^~~~~~~~~~
15:47:55 **** Incremental Build of configuration Debug for project decomposition_bus_manager ****
Info: Internal Builder is used for build
g++ -O0 -g3 -Wall -c -fmessage-length=0 -o bus_manager.o "..\\bus_manager.cpp" 
In file included from ..\bus_manager.cpp:8:
..\bus_manager.h:18:3: error: 'BusesForStopResponse' does not name a type
   18 |   BusesForStopResponse GetBusesForStop(const string& stop) const;
      |   ^~~~~~~~~~~~~~~~~~~~
..\bus_manager.h:19:3: error: 'StopsForBusResponse' does not name a type
   19 |   StopsForBusResponse GetStopsForBus(const string& bus) const;
      |   ^~~~~~~~~~~~~~~~~~~
..\bus_manager.h:20:3: error: 'AllBusesResponse' does not name a type
   20 |   AllBusesResponse GetAllBuses() const;
      |   ^~~~~~~~~~~~~~~~
..\bus_manager.cpp:15:22: error: no declaration matches 'BusesForStopResponse BusManager::GetBusesForStop(const string&) const'
   15 | BusesForStopResponse BusManager::GetBusesForStop(const string& stop) const {
      |                      ^~~~~~~~~~
..\bus_manager.cpp:15:22: note: no functions named 'BusesForStopResponse BusManager::GetBusesForStop(const string&) const'
In file included from ..\bus_manager.cpp:8:
..\bus_manager.h:15:7: note: 'class BusManager' defined here
   15 | class BusManager {
      |       ^~~~~~~~~~
..\bus_manager.cpp:19:21: error: no declaration matches 'StopsForBusResponse BusManager::GetStopsForBus(const string&) const'
   19 | StopsForBusResponse BusManager::GetStopsForBus(const string& bus) const {
      |                     ^~~~~~~~~~
..\bus_manager.cpp:19:21: note: no functions named 'StopsForBusResponse BusManager::GetStopsForBus(const string&) const'
In file included from ..\bus_manager.cpp:8:
..\bus_manager.h:15:7: note: 'class BusManager' defined here
   15 | class BusManager {
      |       ^~~~~~~~~~
..\bus_manager.cpp:23:18: error: no declaration matches 'AllBusesResponse BusManager::GetAllBuses() const'
   23 | AllBusesResponse BusManager::GetAllBuses() const {
      |                  ^~~~~~~~~~
..\bus_manager.cpp:23:18: note: no functions named 'AllBusesResponse BusManager::GetAllBuses() const'
In file included from ..\bus_manager.cpp:8:
..\bus_manager.h:15:7: note: 'class BusManager' defined here
   15 | class BusManager {
      |       ^~~~~~~~~~
15:50:26 **** Incremental Build of configuration Debug for project decomposition_bus_manager ****
Info: Internal Builder is used for build
g++ -O0 -g3 -Wall -c -fmessage-length=0 -o responses.o "..\\responses.cpp" 
g++ -O0 -g3 -Wall -c -fmessage-length=0 -o bus_manager.o "..\\bus_manager.cpp" 
In file included from ..\bus_manager.cpp:8:
..\bus_manager.h:18:3: error: 'BusesForStopResponse' does not name a type
   18 |   BusesForStopResponse GetBusesForStop(const string& stop) const;
      |   ^~~~~~~~~~~~~~~~~~~~
..\bus_manager.h:19:3: error: 'StopsForBusResponse' does not name a type
   19 |   StopsForBusResponse GetStopsForBus(const string& bus) const;
      |   ^~~~~~~~~~~~~~~~~~~
..\bus_manager.h:20:3: error: 'AllBusesResponse' does not name a type
   20 |   AllBusesResponse GetAllBuses() const;
      |   ^~~~~~~~~~~~~~~~
..\bus_manager.cpp:15:22: error: no declaration matches 'BusesForStopResponse BusManager::GetBusesForStop(const string&) const'
   15 | BusesForStopResponse BusManager::GetBusesForStop(const string& stop) const {
      |                      ^~~~~~~~~~
..\bus_manager.cpp:15:22: note: no functions named 'BusesForStopResponse BusManager::GetBusesForStop(const string&) const'
In file included from ..\bus_manager.cpp:8:
..\bus_manager.h:15:7: note: 'class BusManager' defined here
   15 | class BusManager {
      |       ^~~~~~~~~~
..\bus_manager.cpp:19:21: error: no declaration matches 'StopsForBusResponse BusManager::GetStopsForBus(const string&) const'
   19 | StopsForBusResponse BusManager::GetStopsForBus(const string& bus) const {
      |                     ^~~~~~~~~~
..\bus_manager.cpp:19:21: note: no functions named 'StopsForBusResponse BusManager::GetStopsForBus(const string&) const'
In file included from ..\bus_manager.cpp:8:
..\bus_manager.h:15:7: note: 'class BusManager' defined here
   15 | class BusManager {
      |       ^~~~~~~~~~
..\bus_manager.cpp:23:18: error: no declaration matches 'AllBusesResponse BusManager::GetAllBuses() const'
   23 | AllBusesResponse BusManager::GetAllBuses() const {
      |                  ^~~~~~~~~~
..\bus_manager.cpp:23:18: note: no functions named 'AllBusesResponse BusManager::GetAllBuses() const'
In file included from ..\bus_manager.cpp:8:
..\bus_manager.h:15:7: note: 'class BusManager' defined here
   15 | class BusManager {
      |       ^~~~~~~~~~
15:58:08 **** Incremental Build of configuration Debug for project decomposition_bus_manager ****
Info: Internal Builder is used for build
g++ -O0 -g3 -Wall -c -fmessage-length=0 -o bus_manager.o "..\\bus_manager.cpp" 
In file included from ..\bus_manager.cpp:8:
..\bus_manager.h:18:3: error: 'BusesForStopResponse' does not name a type
   18 |   BusesForStopResponse GetBusesForStop(const string& stop) const;
      |   ^~~~~~~~~~~~~~~~~~~~
..\bus_manager.h:19:3: error: 'StopsForBusResponse' does not name a type
   19 |   StopsForBusResponse GetStopsForBus(const string& bus) const;
      |   ^~~~~~~~~~~~~~~~~~~
..\bus_manager.h:20:3: error: 'AllBusesResponse' does not name a type
   20 |   AllBusesResponse GetAllBuses() const;
      |   ^~~~~~~~~~~~~~~~
..\bus_manager.cpp:15:22: error: no declaration matches 'BusesForStopResponse BusManager::GetBusesForStop(const string&) const'
   15 | BusesForStopResponse BusManager::GetBusesForStop(const string& stop) const {
      |                      ^~~~~~~~~~
..\bus_manager.cpp:15:22: note: no functions named 'BusesForStopResponse BusManager::GetBusesForStop(const string&) const'
In file included from ..\bus_manager.cpp:8:
..\bus_manager.h:15:7: note: 'class BusManager' defined here
   15 | class BusManager {
      |       ^~~~~~~~~~
..\bus_manager.cpp:19:21: error: no declaration matches 'StopsForBusResponse BusManager::GetStopsForBus(const string&) const'
   19 | StopsForBusResponse BusManager::GetStopsForBus(const string& bus) const {
      |                     ^~~~~~~~~~
..\bus_manager.cpp:19:21: note: no functions named 'StopsForBusResponse BusManager::GetStopsForBus(const string&) const'
In file included from ..\bus_manager.cpp:8:
..\bus_manager.h:15:7: note: 'class BusManager' defined here
   15 | class BusManager {
      |       ^~~~~~~~~~
..\bus_manager.cpp:23:18: error: no declaration matches 'AllBusesResponse BusManager::GetAllBuses() const'
   23 | AllBusesResponse BusManager::GetAllBuses() const {
      |                  ^~~~~~~~~~
..\bus_manager.cpp:23:18: note: no functions named 'AllBusesResponse BusManager::GetAllBuses() const'
In file included from ..\bus_manager.cpp:8:
..\bus_manager.h:15:7: note: 'class BusManager' defined here
   15 | class BusManager {
      |       ^~~~~~~~~~
15:58:52 **** Incremental Build of configuration Debug for project decomposition_bus_manager ****
Info: Internal Builder is used for build
g++ -O0 -g3 -Wall -c -fmessage-length=0 -o main.o "..\\main.cpp" 
g++ -O0 -g3 -Wall -c -fmessage-length=0 -o responses.o "..\\responses.cpp" 
g++ -O0 -g3 -Wall -c -fmessage-length=0 -o query.o "..\\query.cpp" 
..\query.cpp: In function 'std::istream& operator>>(std::istream&, Query&)':
..\query.cpp:17:20: error: no match for 'operator>>' (operand types are 'std::istream' {aka 'std::basic_istream<char>'} and 'int')
   17 |                 is >> stop_count;
      |                 ~~ ^~ ~~~~~~~~~~
      |                 |     |
      |                 |     int
      |                 std::istream {aka std::basic_istream<char>}
In file included from d:\eclipse\mingw64\include\c++\11.2.0\string:56,
                 from ..\query.h:9,
                 from ..\query.cpp:7:
d:\eclipse\mingw64\include\c++\11.2.0\bits\basic_string.tcc:1485:5: note: candidate: 'template<class _CharT, class _Traits, class _Alloc> std::basic_istream<_CharT, _Traits>& std::operator>>(std::basic_istream<_CharT, _Traits>&, std::__cxx11::basic_string<_CharT, _Traits, _Allocator>&)'
 1485 |     operator>>(basic_istream<_CharT, _Traits>& __in,
      |     ^~~~~~~~
d:\eclipse\mingw64\include\c++\11.2.0\bits\basic_string.tcc:1485:5: note:   template argument deduction/substitution failed:
..\query.cpp:17:23: note:   mismatched types 'std::__cxx11::basic_string<_CharT, _Traits, _Allocator>' and 'int'
   17 |                 is >> stop_count;
      |                       ^~~~~~~~~~
..\query.cpp:9:10: note: candidate: 'std::istream& operator>>(std::istream&, Query&)'
    9 | istream& operator >> (istream& is, Query& q) {
      |          ^~~~~~~~
..\query.cpp:9:43: note:   no known conversion for argument 2 from 'int' to 'Query&'
    9 | istream& operator >> (istream& is, Query& q) {
      |                                    ~~~~~~~^
16:01:02 **** Incremental Build of configuration Debug for project decomposition_bus_manager ****
Info: Internal Builder is used for build
g++ -O0 -g3 -Wall -c -fmessage-length=0 -o query.o "..\\query.cpp" 
..\query.cpp: In function 'std::istream& operator>>(std::istream&, Query&)':
..\query.cpp:17:20: error: no match for 'operator>>' (operand types are 'std::istream' {aka 'std::basic_istream<char>'} and 'int')
   17 |                 is >> stop_count;
      |                 ~~ ^~ ~~~~~~~~~~
      |                 |     |
      |                 |     int
      |                 std::istream {aka std::basic_istream<char>}
In file included from d:\eclipse\mingw64\include\c++\11.2.0\string:56,
                 from ..\query.h:9,
                 from ..\query.cpp:7:
d:\eclipse\mingw64\include\c++\11.2.0\bits\basic_string.tcc:1485:5: note: candidate: 'template<class _CharT, class _Traits, class _Alloc> std::basic_istream<_CharT, _Traits>& std::operator>>(std::basic_istream<_CharT, _Traits>&, std::__cxx11::basic_string<_CharT, _Traits, _Allocator>&)'
 1485 |     operator>>(basic_istream<_CharT, _Traits>& __in,
      |     ^~~~~~~~
d:\eclipse\mingw64\include\c++\11.2.0\bits\basic_string.tcc:1485:5: note:   template argument deduction/substitution failed:
..\query.cpp:17:23: note:   mismatched types 'std::__cxx11::basic_string<_CharT, _Traits, _Allocator>' and 'int'
   17 |                 is >> stop_count;
      |                       ^~~~~~~~~~
..\query.cpp:9:10: note: candidate: 'std::istream& operator>>(std::istream&, Query&)'
    9 | istream& operator >> (istream& is, Query& q) {
      |          ^~~~~~~~
..\query.cpp:9:43: note:   no known conversion for argument 2 from 'int' to 'Query&'
    9 | istream& operator >> (istream& is, Query& q) {
      |                                    ~~~~~~~^
16:01:07 **** Incremental Build of configuration Debug for project decomposition_bus_manager ****
Info: Internal Builder is used for build
g++ -O0 -g3 -Wall -c -fmessage-length=0 -o responses.o "..\\responses.cpp" 
g++ -O0 -g3 -Wall -c -fmessage-length=0 -o main.o "..\\main.cpp" 
g++ -O0 -g3 -Wall -c -fmessage-length=0 -o query.o "..\\query.cpp" 
..\query.cpp: In function 'std::istream& operator>>(std::istream&, Query&)':
..\query.cpp:17:20: error: no match for 'operator>>' (operand types are 'std::istream' {aka 'std::basic_istream<char>'} and 'int')
   17 |                 is >> stop_count;
      |                 ~~ ^~ ~~~~~~~~~~
      |                 |     |
      |                 |     int
      |                 std::istream {aka std::basic_istream<char>}
In file included from d:\eclipse\mingw64\include\c++\11.2.0\string:56,
                 from ..\query.h:9,
                 from ..\query.cpp:7:
d:\eclipse\mingw64\include\c++\11.2.0\bits\basic_string.tcc:1485:5: note: candidate: 'template<class _CharT, class _Traits, class _Alloc> std::basic_istream<_CharT, _Traits>& std::operator>>(std::basic_istream<_CharT, _Traits>&, std::__cxx11::basic_string<_CharT, _Traits, _Allocator>&)'
 1485 |     operator>>(basic_istream<_CharT, _Traits>& __in,
      |     ^~~~~~~~
d:\eclipse\mingw64\include\c++\11.2.0\bits\basic_string.tcc:1485:5: note:   template argument deduction/substitution failed:
..\query.cpp:17:23: note:   mismatched types 'std::__cxx11::basic_string<_CharT, _Traits, _Allocator>' and 'int'
   17 |                 is >> stop_count;
      |                       ^~~~~~~~~~
..\query.cpp:9:10: note: candidate: 'std::istream& operator>>(std::istream&, Query&)'
    9 | istream& operator >> (istream& is, Query& q) {
      |          ^~~~~~~~
..\query.cpp:9:43: note:   no known conversion for argument 2 from 'int' to 'Query&'
    9 | istream& operator >> (istream& is, Query& q) {
      |                                    ~~~~~~~^
16:01:16 **** Incremental Build of configuration Debug for project decomposition_bus_manager ****
Info: Internal Builder is used for build
g++ -O0 -g3 -Wall -c -fmessage-length=0 -o bus_manager.o "..\\bus_manager.cpp" 
In file included from ..\bus_manager.cpp:8:
..\bus_manager.h:19:9: error: 'BusesForStopResponse' does not name a type
   19 |         BusesForStopResponse GetBusesForStop(const string& stop) const;
      |         ^~~~~~~~~~~~~~~~~~~~
..\bus_manager.h:20:9: error: 'StopsForBusResponse' does not name a type
   20 |         StopsForBusResponse GetStopsForBus(const string& bus) const;
      |         ^~~~~~~~~~~~~~~~~~~
..\bus_manager.h:21:9: error: 'AllBusesResponse' does not name a type
   21 |         AllBusesResponse GetAllBuses() const;
      |         ^~~~~~~~~~~~~~~~
..\bus_manager.cpp:15:22: error: no declaration matches 'BusesForStopResponse BusManager::GetBusesForStop(const string&) const'
   15 | BusesForStopResponse BusManager::GetBusesForStop(const string& stop) const {
      |                      ^~~~~~~~~~
..\bus_manager.cpp:15:22: note: no functions named 'BusesForStopResponse BusManager::GetBusesForStop(const string&) const'
In file included from ..\bus_manager.cpp:8:
..\bus_manager.h:16:7: note: 'class BusManager' defined here
   16 | class BusManager {
      |       ^~~~~~~~~~
..\bus_manager.cpp:19:21: error: no declaration matches 'StopsForBusResponse BusManager::GetStopsForBus(const string&) const'
   19 | StopsForBusResponse BusManager::GetStopsForBus(const string& bus) const {
      |                     ^~~~~~~~~~
..\bus_manager.cpp:19:21: note: no functions named 'StopsForBusResponse BusManager::GetStopsForBus(const string&) const'
In file included from ..\bus_manager.cpp:8:
..\bus_manager.h:16:7: note: 'class BusManager' defined here
   16 | class BusManager {
      |       ^~~~~~~~~~
..\bus_manager.cpp:23:18: error: no declaration matches 'AllBusesResponse BusManager::GetAllBuses() const'
   23 | AllBusesResponse BusManager::GetAllBuses() const {
      |                  ^~~~~~~~~~
..\bus_manager.cpp:23:18: note: no functions named 'AllBusesResponse BusManager::GetAllBuses() const'
In file included from ..\bus_manager.cpp:8:
..\bus_manager.h:16:7: note: 'class BusManager' defined here
   16 | class BusManager {
      |       ^~~~~~~~~~
16:01:27 **** Incremental Build of configuration Debug for project decomposition_bus_manager ****
Info: Internal Builder is used for build
g++ -O0 -g3 -Wall -c -fmessage-length=0 -o main.o "..\\main.cpp" 
In file included from ..\main.cpp:10:
..\bus_manager.h:19:9: error: 'BusesForStopResponse::BusesForStopResponse' names the constructor, not the type
   19 |         BusesForStopResponse::BusesForStopResponse GetBusesForStop(const string& stop) const;
      |         ^~~~~~~~~~~~~~~~~~~~
..\main.cpp: In function 'int main()':
..\main.cpp:40:18: error: 'class BusManager' has no member named 'GetBusesForStop'
   40 |       cout << bm.GetBusesForStop(q.stop) << endl;
      |                  ^~~~~~~~~~~~~~~
16:01:33 **** Incremental Build of configuration Debug for project decomposition_bus_manager ****
Info: Internal Builder is used for build
g++ -O0 -g3 -Wall -c -fmessage-length=0 -o bus_manager.o "..\\bus_manager.cpp" 
In file included from ..\bus_manager.cpp:8:
..\bus_manager.h:19:9: error: 'BusesForStopResponse' does not name a type
   19 |         BusesForStopResponse GetBusesForStop(const string& stop) const;
      |         ^~~~~~~~~~~~~~~~~~~~
..\bus_manager.h:20:9: error: 'StopsForBusResponse' does not name a type
   20 |         StopsForBusResponse GetStopsForBus(const string& bus) const;
      |         ^~~~~~~~~~~~~~~~~~~
..\bus_manager.h:21:9: error: 'AllBusesResponse' does not name a type
   21 |         AllBusesResponse GetAllBuses() const;
      |         ^~~~~~~~~~~~~~~~
..\bus_manager.cpp:15:22: error: no declaration matches 'BusesForStopResponse BusManager::GetBusesForStop(const string&) const'
   15 | BusesForStopResponse BusManager::GetBusesForStop(const string& stop) const {
      |                      ^~~~~~~~~~
..\bus_manager.cpp:15:22: note: no functions named 'BusesForStopResponse BusManager::GetBusesForStop(const string&) const'
In file included from ..\bus_manager.cpp:8:
..\bus_manager.h:16:7: note: 'class BusManager' defined here
   16 | class BusManager {
      |       ^~~~~~~~~~
..\bus_manager.cpp:19:21: error: no declaration matches 'StopsForBusResponse BusManager::GetStopsForBus(const string&) const'
   19 | StopsForBusResponse BusManager::GetStopsForBus(const string& bus) const {
      |                     ^~~~~~~~~~
..\bus_manager.cpp:19:21: note: no functions named 'StopsForBusResponse BusManager::GetStopsForBus(const string&) const'
In file included from ..\bus_manager.cpp:8:
..\bus_manager.h:16:7: note: 'class BusManager' defined here
   16 | class BusManager {
      |       ^~~~~~~~~~
..\bus_manager.cpp:23:18: error: no declaration matches 'AllBusesResponse BusManager::GetAllBuses() const'
   23 | AllBusesResponse BusManager::GetAllBuses() const {
      |                  ^~~~~~~~~~
..\bus_manager.cpp:23:18: note: no functions named 'AllBusesResponse BusManager::GetAllBuses() const'
In file included from ..\bus_manager.cpp:8:
..\bus_manager.h:16:7: note: 'class BusManager' defined here
   16 | class BusManager {
      |       ^~~~~~~~~~
16:02:01 **** Incremental Build of configuration Debug for project decomposition_bus_manager ****
Info: Internal Builder is used for build
g++ -O0 -g3 -Wall -c -fmessage-length=0 -o bus_manager.o "..\\bus_manager.cpp" 
..\bus_manager.cpp: In member function 'BusesForStopResponse BusManager::GetBusesForStop(const string&) const':
..\bus_manager.cpp:17:1: warning: no return statement in function returning non-void [-Wreturn-type]
   17 | }
      | ^
..\bus_manager.cpp: In member function 'StopsForBusResponse BusManager::GetStopsForBus(const string&) const':
..\bus_manager.cpp:21:1: warning: no return statement in function returning non-void [-Wreturn-type]
   21 | }
      | ^
..\bus_manager.cpp: In member function 'AllBusesResponse BusManager::GetAllBuses() const':
..\bus_manager.cpp:25:1: warning: no return statement in function returning non-void [-Wreturn-type]
   25 | }
      | ^
g++ -O0 -g3 -Wall -c -fmessage-length=0 -o query.o "..\\query.cpp" 
..\query.cpp: In function 'std::istream& operator>>(std::istream&, Query&)':
..\query.cpp:17:20: error: no match for 'operator>>' (operand types are 'std::istream' {aka 'std::basic_istream<char>'} and 'int')
   17 |                 is >> stop_count;
      |                 ~~ ^~ ~~~~~~~~~~
      |                 |     |
      |                 |     int
      |                 std::istream {aka std::basic_istream<char>}
In file included from d:\eclipse\mingw64\include\c++\11.2.0\string:56,
                 from ..\query.h:9,
                 from ..\query.cpp:7:
d:\eclipse\mingw64\include\c++\11.2.0\bits\basic_string.tcc:1485:5: note: candidate: 'template<class _CharT, class _Traits, class _Alloc> std::basic_istream<_CharT, _Traits>& std::operator>>(std::basic_istream<_CharT, _Traits>&, std::__cxx11::basic_string<_CharT, _Traits, _Allocator>&)'
 1485 |     operator>>(basic_istream<_CharT, _Traits>& __in,
      |     ^~~~~~~~
d:\eclipse\mingw64\include\c++\11.2.0\bits\basic_string.tcc:1485:5: note:   template argument deduction/substitution failed:
..\query.cpp:17:23: note:   mismatched types 'std::__cxx11::basic_string<_CharT, _Traits, _Allocator>' and 'int'
   17 |                 is >> stop_count;
      |                       ^~~~~~~~~~
..\query.cpp:9:10: note: candidate: 'std::istream& operator>>(std::istream&, Query&)'
    9 | istream& operator >> (istream& is, Query& q) {
      |          ^~~~~~~~
..\query.cpp:9:43: note:   no known conversion for argument 2 from 'int' to 'Query&'
    9 | istream& operator >> (istream& is, Query& q) {
      |                                    ~~~~~~~^
16:03:13 **** Incremental Build of configuration Debug for project decomposition_bus_manager ****
Info: Internal Builder is used for build
g++ -O0 -g3 -Wall -c -fmessage-length=0 -o main.o "..\\main.cpp" 
g++ -O0 -g3 -Wall -c -fmessage-length=0 -o bus_manager.o "..\\bus_manager.cpp" 
..\bus_manager.cpp: In member function 'BusesForStopResponse BusManager::GetBusesForStop(const string&) const':
..\bus_manager.cpp:17:1: warning: no return statement in function returning non-void [-Wreturn-type]
   17 | }
      | ^
g++ -O0 -g3 -Wall -c -fmessage-length=0 -o query.o "..\\query.cpp" 
..\query.cpp: In function 'std::istream& operator>>(std::istream&, Query&)':
..\query.cpp:17:20: error: no match for 'operator>>' (operand types are 'std::istream' {aka 'std::basic_istream<char>'} and 'int')
   17 |                 is >> stop_count;
      |                 ~~ ^~ ~~~~~~~~~~
      |                 |     |
      |                 |     int
      |                 std::istream {aka std::basic_istream<char>}
In file included from d:\eclipse\mingw64\include\c++\11.2.0\string:56,
                 from ..\query.h:9,
                 from ..\query.cpp:7:
d:\eclipse\mingw64\include\c++\11.2.0\bits\basic_string.tcc:1485:5: note: candidate: 'template<class _CharT, class _Traits, class _Alloc> std::basic_istream<_CharT, _Traits>& std::operator>>(std::basic_istream<_CharT, _Traits>&, std::__cxx11::basic_string<_CharT, _Traits, _Allocator>&)'
 1485 |     operator>>(basic_istream<_CharT, _Traits>& __in,
      |     ^~~~~~~~
d:\eclipse\mingw64\include\c++\11.2.0\bits\basic_string.tcc:1485:5: note:   template argument deduction/substitution failed:
..\query.cpp:17:23: note:   mismatched types 'std::__cxx11::basic_string<_CharT, _Traits, _Allocator>' and 'int'
   17 |                 is >> stop_count;
      |                       ^~~~~~~~~~
..\query.cpp:9:10: note: candidate: 'std::istream& operator>>(std::istream&, Query&)'
    9 | istream& operator >> (istream& is, Query& q) {
      |          ^~~~~~~~
..\query.cpp:9:43: note:   no known conversion for argument 2 from 'int' to 'Query&'
    9 | istream& operator >> (istream& is, Query& q) {
      |                                    ~~~~~~~^
16:04:07 **** Incremental Build of configuration Debug for project decomposition_bus_manager ****
Info: Internal Builder is used for build
g++ -O0 -g3 -Wall -c -fmessage-length=0 -o query.o "..\\query.cpp" 
..\query.cpp: In function 'std::istream& operator>>(std::istream&, Query&)':
..\query.cpp:17:20: error: no match for 'operator>>' (operand types are 'std::istream' {aka 'std::basic_istream<char>'} and 'int')
   17 |                 is >> stop_count;
      |                 ~~ ^~ ~~~~~~~~~~
      |                 |     |
      |                 |     int
      |                 std::istream {aka std::basic_istream<char>}
In file included from d:\eclipse\mingw64\include\c++\11.2.0\string:56,
                 from ..\query.h:9,
                 from ..\query.cpp:7:
d:\eclipse\mingw64\include\c++\11.2.0\bits\basic_string.tcc:1485:5: note: candidate: 'template<class _CharT, class _Traits, class _Alloc> std::basic_istream<_CharT, _Traits>& std::operator>>(std::basic_istream<_CharT, _Traits>&, std::__cxx11::basic_string<_CharT, _Traits, _Allocator>&)'
 1485 |     operator>>(basic_istream<_CharT, _Traits>& __in,
      |     ^~~~~~~~
d:\eclipse\mingw64\include\c++\11.2.0\bits\basic_string.tcc:1485:5: note:   template argument deduction/substitution failed:
..\query.cpp:17:23: note:   mismatched types 'std::__cxx11::basic_string<_CharT, _Traits, _Allocator>' and 'int'
   17 |                 is >> stop_count;
      |                       ^~~~~~~~~~
..\query.cpp:9:10: note: candidate: 'std::istream& operator>>(std::istream&, Query&)'
    9 | istream& operator >> (istream& is, Query& q) {
      |          ^~~~~~~~
..\query.cpp:9:43: note:   no known conversion for argument 2 from 'int' to 'Query&'
    9 | istream& operator >> (istream& is, Query& q) {
      |                                    ~~~~~~~^
16:04:30 **** Incremental Build of configuration Debug for project decomposition_bus_manager ****
Info: Internal Builder is used for build
g++ -O0 -g3 -Wall -c -fmessage-length=0 -o main.o "..\\main.cpp" 
g++ -O0 -g3 -Wall -c -fmessage-length=0 -o bus_manager.o "..\\bus_manager.cpp" 
g++ -O0 -g3 -Wall -c -fmessage-length=0 -o query.o "..\\query.cpp" 
g++ -o decomposition_bus_manager.exe bus_manager.o main.o query.o responses.o 
Info: Nothing to build for decomposition_bus_manager
Info: Nothing to build for decomposition_bus_manager
